WARNING: An illegal reflective access operation has occurred
WARNING: Illegal reflective access by io.netty.util.internal.ReflectionUtil (file:/home/eddie/.cache/firebase/emulators/firebase-database-emulator-v4.11.2.jar) to field sun.nio.ch.SelectorImpl.selectedKeys
WARNING: Please consider reporting this to the maintainers of io.netty.util.internal.ReflectionUtil
WARNING: Use --illegal-access=warn to enable warnings of further illegal reflective access operations
WARNING: All illegal access operations will be denied in a future release
01:29:28.476 [NamespaceSystem-akka.actor.default-dispatcher-4] INFO akka.event.slf4j.Slf4jLogger - Slf4jLogger started
01:29:28.977 [main] INFO com.firebase.server.forge.App$ - Listening at 127.0.0.1:9000
01:29:40.354 [NamespaceSystem-akka.actor.default-dispatcher-4] INFO com.firebase.core.namespace.NamespaceActor - kanban-fbebb successfully activated FBKV (SurveyIdle(0)) wait: 569ms, init: 0ms
01:29:42.090 [FirebaseWorkerPool-1-2] WARN com.firebase.core.persistence.backend.dummy.EmulatorMetadataPersistence - Multiple projectIds are not recommended in single project mode. Requested 
namespace fake-server, but the emulator is configured for kanban-fbebb. To 
opt-out of single project mode add/set the singleProjectMode: false property in 
the firebase.json emulators config. 
01:29:42.111 [NamespaceSystem-akka.actor.default-dispatcher-8] INFO com.firebase.core.namespace.NamespaceActor - fake-server successfully activated FBKV (SurveyIdle(0)) wait: 15ms, init: 0ms
01:29:42.426 [FirebaseWorkerPool-1-4] WARN com.firebase.core.persistence.backend.dummy.EmulatorMetadataPersistence - Multiple projectIds are not recommended in single project mode. Requested 
namespace kanban-fbebb-default-rtdb, but the emulator is configured for kanban-fbebb,fake-server. To 
opt-out of single project mode add/set the singleProjectMode: false property in 
the firebase.json emulators config. 
01:29:42.434 [NamespaceSystem-akka.actor.default-dispatcher-5] INFO com.firebase.core.namespace.NamespaceActor - kanban-fbebb-default-rtdb successfully activated FBKV (SurveyIdle(0)) wait: 3ms, init: 0ms
01:29:42.564 [NamespaceSystem-blocking-namespace-operation-dispatcher-6] INFO com.firebase.core.namespace.StateManager - Namespace kanban-fbebb-default-rtdb status Active to Active
01:36:31.966 [FirebaseWorkerPool-1-4] WARN com.firebase.core.persistence.backend.dummy.EmulatorMetadataPersistence - Multiple projectIds are not recommended in single project mode. Requested 
namespace kanban, but the emulator is configured for kanban-fbebb,fake-server,kanban-fbebb-default-rtdb. To 
opt-out of single project mode add/set the singleProjectMode: false property in 
the firebase.json emulators config. 
01:36:31.974 [NamespaceSystem-akka.actor.default-dispatcher-5] INFO com.firebase.core.namespace.NamespaceActor - kanban successfully activated FBKV (SurveyIdle(0)) wait: 2ms, init: 0ms
01:53:21.127 [Thread-0] INFO com.firebase.server.forge.App$ - Attempting graceful shutdown.
01:53:21.787 [NamespaceSystem-akka.actor.default-dispatcher-43] INFO com.firebase.core.namespace.Terminator$Terminator - 4 actors left to terminate: kanban, kanban-fbebb-default-rtdb, fake-server, kanban-fbebb
01:53:21.868 [NamespaceSystem-akka.actor.default-dispatcher-9] INFO com.firebase.core.namespace.NamespaceActor - stopped namespace actor for fake-server
01:53:21.868 [NamespaceSystem-akka.actor.default-dispatcher-45] INFO com.firebase.core.namespace.NamespaceActor - stopped namespace actor for kanban
01:53:21.869 [NamespaceSystem-akka.actor.default-dispatcher-43] INFO com.firebase.core.namespace.NamespaceActor - stopped namespace actor for kanban-fbebb-default-rtdb
01:53:21.869 [NamespaceSystem-akka.actor.default-dispatcher-44] INFO com.firebase.core.namespace.NamespaceActor - stopped namespace actor for kanban-fbebb
01:53:21.899 [Thread-0] INFO com.firebase.server.forge.App$ - Graceful shutdown complete.
