[debug] [2025-03-05T16:15:32.771Z] [Firebase Plugin] Activating Firebase extension.
[info] [Firebase Plugin] Checked firebase-tools, is up to date!
[debug] [2025-03-05T16:17:40.338Z] [Firebase Plugin] VSCode notification server listening on port 40001
[info] [Firebase Plugin] Starting Data Connect toolkit (version 1.8.3) on port 50001
[info] i  dataconnect: downloading dataconnect-emulator-1.8.3... {"metadata":{"emulator":{"name":"dataconnect"},"message":"downloading dataconnect-emulator-1.8.3..."}}
[debug] [2025-03-05T16:17:42.551Z] >>> [apiv2][query] GET https://storage.googleapis.com/firemat-preview-drop/emulator/dataconnect-emulator-linux-v1.8.3 
[debug] [2025-03-05T16:17:43.112Z] [Firebase Plugin] Value of process.env.MONOSPACE_ENV: undefined
[debug] [2025-03-05T16:17:43.113Z] [Firebase Plugin] requireAuthWrapper
[debug] [2025-03-05T16:17:43.119Z] > command requires scopes: ["email","openid","https://www.googleapis.com/auth/cloudplatformprojects.readonly","https://www.googleapis.com/auth/firebase","https://www.googleapis.com/auth/cloud-platform"]
[debug] [2025-03-05T16:17:43.120Z] > authorizing via signed-in user (evillan0315@gmail.com)
[debug] [2025-03-05T16:17:43.126Z] Checked if tokens are valid: true, expires at: 1741193673140
[debug] [2025-03-05T16:17:43.131Z] Checked if tokens are valid: true, expires at: 1741193673140
[debug] [2025-03-05T16:17:43.135Z] [Firebase Plugin] User found:  evillan0315@gmail.com
[info] [Firebase Plugin] (Core:Project) New user detected, fetching projects
[debug] [2025-03-05T16:17:43.140Z] Checked if tokens are valid: true, expires at: 1741193673140
[debug] [2025-03-05T16:17:43.142Z] >>> [apiv2][query] GET https://firebase.googleapis.com/v1beta1/projects pageSize=1000
[debug] [2025-03-05T16:17:43.296Z] [Firebase Plugin] Value of process.env.MONOSPACE_ENV: undefined
[debug] [2025-03-05T16:17:43.297Z] [Firebase Plugin] requireAuthWrapper
[debug] [2025-03-05T16:17:43.312Z] > command requires scopes: ["email","openid","https://www.googleapis.com/auth/cloudplatformprojects.readonly","https://www.googleapis.com/auth/firebase","https://www.googleapis.com/auth/cloud-platform"]
[debug] [2025-03-05T16:17:43.312Z] > authorizing via signed-in user (evillan0315@gmail.com)
[debug] [2025-03-05T16:17:43.318Z] Checked if tokens are valid: true, expires at: 1741193673140
[debug] [2025-03-05T16:17:43.321Z] [Firebase Plugin] User found:  evillan0315@gmail.com
[info] [Firebase Plugin] (Core:Project) New user detected, fetching projects
[debug] [2025-03-05T16:17:43.327Z] Checked if tokens are valid: true, expires at: 1741193673140
[debug] [2025-03-05T16:17:43.336Z] >>> [apiv2][query] GET https://firebase.googleapis.com/v1beta1/projects pageSize=1000
[debug] [2025-03-05T16:17:44.827Z] <<< [apiv2][status] GET https://storage.googleapis.com/firemat-preview-drop/emulator/dataconnect-emulator-linux-v1.8.3 200
[debug] [2025-03-05T16:17:44.827Z] <<< [apiv2][body] GET https://storage.googleapis.com/firemat-preview-drop/emulator/dataconnect-emulator-linux-v1.8.3 [stream]
[debug] [2025-03-05T16:17:45.145Z] <<< [apiv2][status] GET https://firebase.googleapis.com/v1beta1/projects 200
[debug] [2025-03-05T16:17:45.150Z] <<< [apiv2][body] GET https://firebase.googleapis.com/v1beta1/projects [omitted]
[debug] [2025-03-05T16:17:45.161Z] <<< [apiv2][status] GET https://firebase.googleapis.com/v1beta1/projects 200
[debug] [2025-03-05T16:17:45.168Z] <<< [apiv2][body] GET https://firebase.googleapis.com/v1beta1/projects [omitted]
[debug] [2025-03-05T16:18:53.945Z] 'fdc build' failed with error: Unable to build your Data Connect schema and connectors (exit code 1): E0306 00:18:53.939982   60635 cmd.go:43] Error loading data connect config: could not find dataconnect.yaml in `/media/eddie/Data1/projects/nextJS/development/lilboards/dataconnect`
 {"metadata":{"emulator":{"name":"dataconnect"},"message":"'fdc build' failed with error: Unable to build your Data Connect schema and connectors (exit code 1): E0306 00:18:53.939982   60635 cmd.go:43] Error loading data connect config: could not find dataconnect.yaml in `/media/eddie/Data1/projects/nextJS/development/lilboards/dataconnect`\n"}}
[debug] [2025-03-05T16:18:53.949Z] Ignoring unsupported arg: auto_download {"metadata":{"emulator":{"name":"dataconnect"},"message":"Ignoring unsupported arg: auto_download"}}
[debug] [2025-03-05T16:18:53.949Z] Ignoring unsupported arg: port {"metadata":{"emulator":{"name":"dataconnect"},"message":"Ignoring unsupported arg: port"}}
[debug] [2025-03-05T16:18:53.949Z] Starting Data Connect Emulator with command {"binary":"/home/eddie/.cache/firebase/emulators/dataconnect-emulator-1.8.3","args":["--logtostderr","-v=2","dev","--listen=localhost:50001","--config_dir=/media/eddie/Data1/projects/nextJS/development/lilboards/dataconnect","--enable_output_schema_extensions=true","--enable_output_generated_sdk=true"],"optionalArgs":["listen","config_dir","enable_output_schema_extensions","enable_output_generated_sdk"],"joinArgs":true,"shell":false,"port":9399} {"metadata":{"emulator":{"name":"dataconnect"},"message":"Starting Data Connect Emulator with command {\"binary\":\"/home/eddie/.cache/firebase/emulators/dataconnect-emulator-1.8.3\",\"args\":[\"--logtostderr\",\"-v=2\",\"dev\",\"--listen=localhost:50001\",\"--config_dir=/media/eddie/Data1/projects/nextJS/development/lilboards/dataconnect\",\"--enable_output_schema_extensions=true\",\"--enable_output_generated_sdk=true\"],\"optionalArgs\":[\"listen\",\"config_dir\",\"enable_output_schema_extensions\",\"enable_output_generated_sdk\"],\"joinArgs\":true,\"shell\":false,\"port\":9399}"}}
[info] i  dataconnect: Data Connect Emulator logging to dataconnect-debug.log {"metadata":{"emulator":{"name":"dataconnect"},"message":"Data Connect Emulator logging to dataconnect-debug.log"}}
[debug] [2025-03-05T16:18:53.983Z] E0306 00:18:53.982851   60641 load.go:23] Could not load config from "/media/eddie/Data1/projects/nextJS/development/lilboards/dataconnect": could not find dataconnect.yaml in `/media/eddie/Data1/projects/nextJS/development/lilboards/dataconnect`
 {"metadata":{"emulator":{"name":"dataconnect"},"message":"E0306 00:18:53.982851   60641 load.go:23] Could not load config from \"/media/eddie/Data1/projects/nextJS/development/lilboards/dataconnect\": could not find dataconnect.yaml in `/media/eddie/Data1/projects/nextJS/development/lilboards/dataconnect`\n"}}
[debug] [2025-03-05T16:18:53.984Z] E0306 00:18:53.983333   60641 watch.go:76] watchAllDir unable to walk dir `/media/eddie/Data1/projects/nextJS/development/lilboards/dataconnect`: on path "/media/eddie/Data1/projects/nextJS/development/lilboards/dataconnect" (DirEntry: <nil>): lstat /media/eddie/Data1/projects/nextJS/development/lilboards/dataconnect: no such file or directory
I0306 00:18:53.983971   60641 dev.go:95] Listening on address (HTTP + gRPC): 127.0.0.1:50001
 {"metadata":{"emulator":{"name":"dataconnect"},"message":"E0306 00:18:53.983333   60641 watch.go:76] watchAllDir unable to walk dir `/media/eddie/Data1/projects/nextJS/development/lilboards/dataconnect`: on path \"/media/eddie/Data1/projects/nextJS/development/lilboards/dataconnect\" (DirEntry: <nil>): lstat /media/eddie/Data1/projects/nextJS/development/lilboards/dataconnect: no such file or directory\nI0306 00:18:53.983971   60641 dev.go:95] Listening on address (HTTP + gRPC): 127.0.0.1:50001\n"}}
[error] [Firebase Plugin] error:  {}
[debug] [2025-03-05T16:19:03.991Z] E0306 00:19:03.990682   60641 load.go:23] Could not load config from "/media/eddie/Data1/projects/nextJS/development/lilboards/dataconnect": could not find dataconnect.yaml in `/media/eddie/Data1/projects/nextJS/development/lilboards/dataconnect`
 {"metadata":{"emulator":{"name":"dataconnect"},"message":"E0306 00:19:03.990682   60641 load.go:23] Could not load config from \"/media/eddie/Data1/projects/nextJS/development/lilboards/dataconnect\": could not find dataconnect.yaml in `/media/eddie/Data1/projects/nextJS/development/lilboards/dataconnect`\n"}}
[debug] [2025-03-05T16:19:13.992Z] E0306 00:19:13.991624   60641 load.go:23] Could not load config from "/media/eddie/Data1/projects/nextJS/development/lilboards/dataconnect": could not find dataconnect.yaml in `/media/eddie/Data1/projects/nextJS/development/lilboards/dataconnect`
 {"metadata":{"emulator":{"name":"dataconnect"},"message":"E0306 00:19:13.991624   60641 load.go:23] Could not load config from \"/media/eddie/Data1/projects/nextJS/development/lilboards/dataconnect\": could not find dataconnect.yaml in `/media/eddie/Data1/projects/nextJS/development/lilboards/dataconnect`\n"}}
[debug] [2025-03-05T16:19:23.985Z] E0306 00:19:23.984951   60641 load.go:23] Could not load config from "/media/eddie/Data1/projects/nextJS/development/lilboards/dataconnect": could not find dataconnect.yaml in `/media/eddie/Data1/projects/nextJS/development/lilboards/dataconnect`
 {"metadata":{"emulator":{"name":"dataconnect"},"message":"E0306 00:19:23.984951   60641 load.go:23] Could not load config from \"/media/eddie/Data1/projects/nextJS/development/lilboards/dataconnect\": could not find dataconnect.yaml in `/media/eddie/Data1/projects/nextJS/development/lilboards/dataconnect`\n"}}
[debug] [2025-03-05T16:19:33.990Z] E0306 00:19:33.990451   60641 load.go:23] Could not load config from "/media/eddie/Data1/projects/nextJS/development/lilboards/dataconnect": could not find dataconnect.yaml in `/media/eddie/Data1/projects/nextJS/development/lilboards/dataconnect`
 {"metadata":{"emulator":{"name":"dataconnect"},"message":"E0306 00:19:33.990451   60641 load.go:23] Could not load config from \"/media/eddie/Data1/projects/nextJS/development/lilboards/dataconnect\": could not find dataconnect.yaml in `/media/eddie/Data1/projects/nextJS/development/lilboards/dataconnect`\n"}}
[debug] [2025-03-05T16:19:43.990Z] E0306 00:19:43.990462   60641 load.go:23] Could not load config from "/media/eddie/Data1/projects/nextJS/development/lilboards/dataconnect": could not find dataconnect.yaml in `/media/eddie/Data1/projects/nextJS/development/lilboards/dataconnect`
 {"metadata":{"emulator":{"name":"dataconnect"},"message":"E0306 00:19:43.990462   60641 load.go:23] Could not load config from \"/media/eddie/Data1/projects/nextJS/development/lilboards/dataconnect\": could not find dataconnect.yaml in `/media/eddie/Data1/projects/nextJS/development/lilboards/dataconnect`\n"}}
[debug] [2025-03-05T16:19:53.984Z] E0306 00:19:53.983771   60641 load.go:23] Could not load config from "/media/eddie/Data1/projects/nextJS/development/lilboards/dataconnect": could not find dataconnect.yaml in `/media/eddie/Data1/projects/nextJS/development/lilboards/dataconnect`
 {"metadata":{"emulator":{"name":"dataconnect"},"message":"E0306 00:19:53.983771   60641 load.go:23] Could not load config from \"/media/eddie/Data1/projects/nextJS/development/lilboards/dataconnect\": could not find dataconnect.yaml in `/media/eddie/Data1/projects/nextJS/development/lilboards/dataconnect`\n"}}
[debug] [2025-03-05T16:20:03.991Z] E0306 00:20:03.990601   60641 load.go:23] Could not load config from "/media/eddie/Data1/projects/nextJS/development/lilboards/dataconnect": could not find dataconnect.yaml in `/media/eddie/Data1/projects/nextJS/development/lilboards/dataconnect`
 {"metadata":{"emulator":{"name":"dataconnect"},"message":"E0306 00:20:03.990601   60641 load.go:23] Could not load config from \"/media/eddie/Data1/projects/nextJS/development/lilboards/dataconnect\": could not find dataconnect.yaml in `/media/eddie/Data1/projects/nextJS/development/lilboards/dataconnect`\n"}}
[debug] [2025-03-05T16:20:13.994Z] E0306 00:20:13.991249   60641 load.go:23] Could not load config from "/media/eddie/Data1/projects/nextJS/development/lilboards/dataconnect": could not find dataconnect.yaml in `/media/eddie/Data1/projects/nextJS/development/lilboards/dataconnect`
 {"metadata":{"emulator":{"name":"dataconnect"},"message":"E0306 00:20:13.991249   60641 load.go:23] Could not load config from \"/media/eddie/Data1/projects/nextJS/development/lilboards/dataconnect\": could not find dataconnect.yaml in `/media/eddie/Data1/projects/nextJS/development/lilboards/dataconnect`\n"}}
[debug] [2025-03-05T16:20:23.984Z] E0306 00:20:23.983983   60641 load.go:23] Could not load config from "/media/eddie/Data1/projects/nextJS/development/lilboards/dataconnect": could not find dataconnect.yaml in `/media/eddie/Data1/projects/nextJS/development/lilboards/dataconnect`
 {"metadata":{"emulator":{"name":"dataconnect"},"message":"E0306 00:20:23.983983   60641 load.go:23] Could not load config from \"/media/eddie/Data1/projects/nextJS/development/lilboards/dataconnect\": could not find dataconnect.yaml in `/media/eddie/Data1/projects/nextJS/development/lilboards/dataconnect`\n"}}
[debug] [2025-03-05T16:20:33.998Z] E0306 00:20:33.997816   60641 load.go:23] Could not load config from "/media/eddie/Data1/projects/nextJS/development/lilboards/dataconnect": could not find dataconnect.yaml in `/media/eddie/Data1/projects/nextJS/development/lilboards/dataconnect`
 {"metadata":{"emulator":{"name":"dataconnect"},"message":"E0306 00:20:33.997816   60641 load.go:23] Could not load config from \"/media/eddie/Data1/projects/nextJS/development/lilboards/dataconnect\": could not find dataconnect.yaml in `/media/eddie/Data1/projects/nextJS/development/lilboards/dataconnect`\n"}}
[debug] [2025-03-05T16:20:43.990Z] E0306 00:20:43.990462   60641 load.go:23] Could not load config from "/media/eddie/Data1/projects/nextJS/development/lilboards/dataconnect": could not find dataconnect.yaml in `/media/eddie/Data1/projects/nextJS/development/lilboards/dataconnect`
 {"metadata":{"emulator":{"name":"dataconnect"},"message":"E0306 00:20:43.990462   60641 load.go:23] Could not load config from \"/media/eddie/Data1/projects/nextJS/development/lilboards/dataconnect\": could not find dataconnect.yaml in `/media/eddie/Data1/projects/nextJS/development/lilboards/dataconnect`\n"}}
[debug] [2025-03-05T16:20:53.983Z] E0306 00:20:53.983646   60641 load.go:23] Could not load config from "/media/eddie/Data1/projects/nextJS/development/lilboards/dataconnect": could not find dataconnect.yaml in `/media/eddie/Data1/projects/nextJS/development/lilboards/dataconnect`
E0306 00:20:53.983707   60641 watch.go:76] watchAllDir unable to walk dir `/media/eddie/Data1/projects/nextJS/development/lilboards/dataconnect`: on path "/media/eddie/Data1/projects/nextJS/development/lilboards/dataconnect" (DirEntry: <nil>): lstat /media/eddie/Data1/projects/nextJS/development/lilboards/dataconnect: no such file or directory
 {"metadata":{"emulator":{"name":"dataconnect"},"message":"E0306 00:20:53.983646   60641 load.go:23] Could not load config from \"/media/eddie/Data1/projects/nextJS/development/lilboards/dataconnect\": could not find dataconnect.yaml in `/media/eddie/Data1/projects/nextJS/development/lilboards/dataconnect`\nE0306 00:20:53.983707   60641 watch.go:76] watchAllDir unable to walk dir `/media/eddie/Data1/projects/nextJS/development/lilboards/dataconnect`: on path \"/media/eddie/Data1/projects/nextJS/development/lilboards/dataconnect\" (DirEntry: <nil>): lstat /media/eddie/Data1/projects/nextJS/development/lilboards/dataconnect: no such file or directory\n"}}
[debug] [2025-03-05T16:21:04.569Z] E0306 00:21:04.185866   60641 load.go:23] Could not load config from "/media/eddie/Data1/projects/nextJS/development/lilboards/dataconnect": could not find dataconnect.yaml in `/media/eddie/Data1/projects/nextJS/development/lilboards/dataconnect`
 {"metadata":{"emulator":{"name":"dataconnect"},"message":"E0306 00:21:04.185866   60641 load.go:23] Could not load config from \"/media/eddie/Data1/projects/nextJS/development/lilboards/dataconnect\": could not find dataconnect.yaml in `/media/eddie/Data1/projects/nextJS/development/lilboards/dataconnect`\n"}}
[debug] [2025-03-05T16:21:13.984Z] E0306 00:21:13.983969   60641 load.go:23] Could not load config from "/media/eddie/Data1/projects/nextJS/development/lilboards/dataconnect": could not find dataconnect.yaml in `/media/eddie/Data1/projects/nextJS/development/lilboards/dataconnect`
 {"metadata":{"emulator":{"name":"dataconnect"},"message":"E0306 00:21:13.983969   60641 load.go:23] Could not load config from \"/media/eddie/Data1/projects/nextJS/development/lilboards/dataconnect\": could not find dataconnect.yaml in `/media/eddie/Data1/projects/nextJS/development/lilboards/dataconnect`\n"}}
[debug] [2025-03-05T16:21:23.983Z] E0306 00:21:23.983535   60641 load.go:23] Could not load config from "/media/eddie/Data1/projects/nextJS/development/lilboards/dataconnect": could not find dataconnect.yaml in `/media/eddie/Data1/projects/nextJS/development/lilboards/dataconnect`
 {"metadata":{"emulator":{"name":"dataconnect"},"message":"E0306 00:21:23.983535   60641 load.go:23] Could not load config from \"/media/eddie/Data1/projects/nextJS/development/lilboards/dataconnect\": could not find dataconnect.yaml in `/media/eddie/Data1/projects/nextJS/development/lilboards/dataconnect`\n"}}
[debug] [2025-03-05T16:21:33.990Z] E0306 00:21:33.990452   60641 load.go:23] Could not load config from "/media/eddie/Data1/projects/nextJS/development/lilboards/dataconnect": could not find dataconnect.yaml in `/media/eddie/Data1/projects/nextJS/development/lilboards/dataconnect`
 {"metadata":{"emulator":{"name":"dataconnect"},"message":"E0306 00:21:33.990452   60641 load.go:23] Could not load config from \"/media/eddie/Data1/projects/nextJS/development/lilboards/dataconnect\": could not find dataconnect.yaml in `/media/eddie/Data1/projects/nextJS/development/lilboards/dataconnect`\n"}}
[debug] [2025-03-05T16:21:43.990Z] E0306 00:21:43.990448   60641 load.go:23] Could not load config from "/media/eddie/Data1/projects/nextJS/development/lilboards/dataconnect": could not find dataconnect.yaml in `/media/eddie/Data1/projects/nextJS/development/lilboards/dataconnect`
 {"metadata":{"emulator":{"name":"dataconnect"},"message":"E0306 00:21:43.990448   60641 load.go:23] Could not load config from \"/media/eddie/Data1/projects/nextJS/development/lilboards/dataconnect\": could not find dataconnect.yaml in `/media/eddie/Data1/projects/nextJS/development/lilboards/dataconnect`\n"}}
[debug] [2025-03-05T16:21:53.984Z] E0306 00:21:53.983999   60641 load.go:23] Could not load config from "/media/eddie/Data1/projects/nextJS/development/lilboards/dataconnect": could not find dataconnect.yaml in `/media/eddie/Data1/projects/nextJS/development/lilboards/dataconnect`
 {"metadata":{"emulator":{"name":"dataconnect"},"message":"E0306 00:21:53.983999   60641 load.go:23] Could not load config from \"/media/eddie/Data1/projects/nextJS/development/lilboards/dataconnect\": could not find dataconnect.yaml in `/media/eddie/Data1/projects/nextJS/development/lilboards/dataconnect`\n"}}
[debug] [2025-03-05T16:22:03.991Z] E0306 00:22:03.991138   60641 load.go:23] Could not load config from "/media/eddie/Data1/projects/nextJS/development/lilboards/dataconnect": could not find dataconnect.yaml in `/media/eddie/Data1/projects/nextJS/development/lilboards/dataconnect`
 {"metadata":{"emulator":{"name":"dataconnect"},"message":"E0306 00:22:03.991138   60641 load.go:23] Could not load config from \"/media/eddie/Data1/projects/nextJS/development/lilboards/dataconnect\": could not find dataconnect.yaml in `/media/eddie/Data1/projects/nextJS/development/lilboards/dataconnect`\n"}}
[debug] [2025-03-05T16:22:13.992Z] E0306 00:22:13.991686   60641 load.go:23] Could not load config from "/media/eddie/Data1/projects/nextJS/development/lilboards/dataconnect": could not find dataconnect.yaml in `/media/eddie/Data1/projects/nextJS/development/lilboards/dataconnect`
 {"metadata":{"emulator":{"name":"dataconnect"},"message":"E0306 00:22:13.991686   60641 load.go:23] Could not load config from \"/media/eddie/Data1/projects/nextJS/development/lilboards/dataconnect\": could not find dataconnect.yaml in `/media/eddie/Data1/projects/nextJS/development/lilboards/dataconnect`\n"}}
[debug] [2025-03-05T16:22:23.983Z] E0306 00:22:23.983603   60641 load.go:23] Could not load config from "/media/eddie/Data1/projects/nextJS/development/lilboards/dataconnect": could not find dataconnect.yaml in `/media/eddie/Data1/projects/nextJS/development/lilboards/dataconnect`
 {"metadata":{"emulator":{"name":"dataconnect"},"message":"E0306 00:22:23.983603   60641 load.go:23] Could not load config from \"/media/eddie/Data1/projects/nextJS/development/lilboards/dataconnect\": could not find dataconnect.yaml in `/media/eddie/Data1/projects/nextJS/development/lilboards/dataconnect`\n"}}
[debug] [2025-03-05T16:22:34.016Z] E0306 00:22:34.016671   60641 load.go:23] Could not load config from "/media/eddie/Data1/projects/nextJS/development/lilboards/dataconnect": could not find dataconnect.yaml in `/media/eddie/Data1/projects/nextJS/development/lilboards/dataconnect`
 {"metadata":{"emulator":{"name":"dataconnect"},"message":"E0306 00:22:34.016671   60641 load.go:23] Could not load config from \"/media/eddie/Data1/projects/nextJS/development/lilboards/dataconnect\": could not find dataconnect.yaml in `/media/eddie/Data1/projects/nextJS/development/lilboards/dataconnect`\n"}}
[debug] [2025-03-05T16:22:43.990Z] E0306 00:22:43.990410   60641 load.go:23] Could not load config from "/media/eddie/Data1/projects/nextJS/development/lilboards/dataconnect": could not find dataconnect.yaml in `/media/eddie/Data1/projects/nextJS/development/lilboards/dataconnect`
 {"metadata":{"emulator":{"name":"dataconnect"},"message":"E0306 00:22:43.990410   60641 load.go:23] Could not load config from \"/media/eddie/Data1/projects/nextJS/development/lilboards/dataconnect\": could not find dataconnect.yaml in `/media/eddie/Data1/projects/nextJS/development/lilboards/dataconnect`\n"}}
[debug] [2025-03-05T16:22:53.983Z] E0306 00:22:53.983549   60641 load.go:23] Could not load config from "/media/eddie/Data1/projects/nextJS/development/lilboards/dataconnect": could not find dataconnect.yaml in `/media/eddie/Data1/projects/nextJS/development/lilboards/dataconnect`
E0306 00:22:53.983593   60641 watch.go:76] watchAllDir unable to walk dir `/media/eddie/Data1/projects/nextJS/development/lilboards/dataconnect`: on path "/media/eddie/Data1/projects/nextJS/development/lilboards/dataconnect" (DirEntry: <nil>): lstat /media/eddie/Data1/projects/nextJS/development/lilboards/dataconnect: no such file or directory
 {"metadata":{"emulator":{"name":"dataconnect"},"message":"E0306 00:22:53.983549   60641 load.go:23] Could not load config from \"/media/eddie/Data1/projects/nextJS/development/lilboards/dataconnect\": could not find dataconnect.yaml in `/media/eddie/Data1/projects/nextJS/development/lilboards/dataconnect`\nE0306 00:22:53.983593   60641 watch.go:76] watchAllDir unable to walk dir `/media/eddie/Data1/projects/nextJS/development/lilboards/dataconnect`: on path \"/media/eddie/Data1/projects/nextJS/development/lilboards/dataconnect\" (DirEntry: <nil>): lstat /media/eddie/Data1/projects/nextJS/development/lilboards/dataconnect: no such file or directory\n"}}
[debug] [2025-03-05T16:23:03.990Z] E0306 00:23:03.990461   60641 load.go:23] Could not load config from "/media/eddie/Data1/projects/nextJS/development/lilboards/dataconnect": could not find dataconnect.yaml in `/media/eddie/Data1/projects/nextJS/development/lilboards/dataconnect`
 {"metadata":{"emulator":{"name":"dataconnect"},"message":"E0306 00:23:03.990461   60641 load.go:23] Could not load config from \"/media/eddie/Data1/projects/nextJS/development/lilboards/dataconnect\": could not find dataconnect.yaml in `/media/eddie/Data1/projects/nextJS/development/lilboards/dataconnect`\n"}}
[debug] [2025-03-05T16:23:13.985Z] E0306 00:23:13.984822   60641 load.go:23] Could not load config from "/media/eddie/Data1/projects/nextJS/development/lilboards/dataconnect": could not find dataconnect.yaml in `/media/eddie/Data1/projects/nextJS/development/lilboards/dataconnect`
 {"metadata":{"emulator":{"name":"dataconnect"},"message":"E0306 00:23:13.984822   60641 load.go:23] Could not load config from \"/media/eddie/Data1/projects/nextJS/development/lilboards/dataconnect\": could not find dataconnect.yaml in `/media/eddie/Data1/projects/nextJS/development/lilboards/dataconnect`\n"}}
[debug] [2025-03-05T16:23:23.984Z] E0306 00:23:23.983608   60641 load.go:23] Could not load config from "/media/eddie/Data1/projects/nextJS/development/lilboards/dataconnect": could not find dataconnect.yaml in `/media/eddie/Data1/projects/nextJS/development/lilboards/dataconnect`
 {"metadata":{"emulator":{"name":"dataconnect"},"message":"E0306 00:23:23.983608   60641 load.go:23] Could not load config from \"/media/eddie/Data1/projects/nextJS/development/lilboards/dataconnect\": could not find dataconnect.yaml in `/media/eddie/Data1/projects/nextJS/development/lilboards/dataconnect`\n"}}
[debug] [2025-03-05T16:23:33.993Z] E0306 00:23:33.992821   60641 load.go:23] Could not load config from "/media/eddie/Data1/projects/nextJS/development/lilboards/dataconnect": could not find dataconnect.yaml in `/media/eddie/Data1/projects/nextJS/development/lilboards/dataconnect`
 {"metadata":{"emulator":{"name":"dataconnect"},"message":"E0306 00:23:33.992821   60641 load.go:23] Could not load config from \"/media/eddie/Data1/projects/nextJS/development/lilboards/dataconnect\": could not find dataconnect.yaml in `/media/eddie/Data1/projects/nextJS/development/lilboards/dataconnect`\n"}}
[debug] [2025-03-05T16:23:43.990Z] E0306 00:23:43.990455   60641 load.go:23] Could not load config from "/media/eddie/Data1/projects/nextJS/development/lilboards/dataconnect": could not find dataconnect.yaml in `/media/eddie/Data1/projects/nextJS/development/lilboards/dataconnect`
 {"metadata":{"emulator":{"name":"dataconnect"},"message":"E0306 00:23:43.990455   60641 load.go:23] Could not load config from \"/media/eddie/Data1/projects/nextJS/development/lilboards/dataconnect\": could not find dataconnect.yaml in `/media/eddie/Data1/projects/nextJS/development/lilboards/dataconnect`\n"}}
[debug] [2025-03-05T16:23:53.983Z] E0306 00:23:53.983609   60641 load.go:23] Could not load config from "/media/eddie/Data1/projects/nextJS/development/lilboards/dataconnect": could not find dataconnect.yaml in `/media/eddie/Data1/projects/nextJS/development/lilboards/dataconnect`
 {"metadata":{"emulator":{"name":"dataconnect"},"message":"E0306 00:23:53.983609   60641 load.go:23] Could not load config from \"/media/eddie/Data1/projects/nextJS/development/lilboards/dataconnect\": could not find dataconnect.yaml in `/media/eddie/Data1/projects/nextJS/development/lilboards/dataconnect`\n"}}
[debug] [2025-03-05T16:24:03.990Z] E0306 00:24:03.990449   60641 load.go:23] Could not load config from "/media/eddie/Data1/projects/nextJS/development/lilboards/dataconnect": could not find dataconnect.yaml in `/media/eddie/Data1/projects/nextJS/development/lilboards/dataconnect`
 {"metadata":{"emulator":{"name":"dataconnect"},"message":"E0306 00:24:03.990449   60641 load.go:23] Could not load config from \"/media/eddie/Data1/projects/nextJS/development/lilboards/dataconnect\": could not find dataconnect.yaml in `/media/eddie/Data1/projects/nextJS/development/lilboards/dataconnect`\n"}}
[debug] [2025-03-05T16:24:13.990Z] E0306 00:24:13.990483   60641 load.go:23] Could not load config from "/media/eddie/Data1/projects/nextJS/development/lilboards/dataconnect": could not find dataconnect.yaml in `/media/eddie/Data1/projects/nextJS/development/lilboards/dataconnect`
 {"metadata":{"emulator":{"name":"dataconnect"},"message":"E0306 00:24:13.990483   60641 load.go:23] Could not load config from \"/media/eddie/Data1/projects/nextJS/development/lilboards/dataconnect\": could not find dataconnect.yaml in `/media/eddie/Data1/projects/nextJS/development/lilboards/dataconnect`\n"}}
[debug] [2025-03-05T16:24:23.983Z] E0306 00:24:23.983627   60641 load.go:23] Could not load config from "/media/eddie/Data1/projects/nextJS/development/lilboards/dataconnect": could not find dataconnect.yaml in `/media/eddie/Data1/projects/nextJS/development/lilboards/dataconnect`
 {"metadata":{"emulator":{"name":"dataconnect"},"message":"E0306 00:24:23.983627   60641 load.go:23] Could not load config from \"/media/eddie/Data1/projects/nextJS/development/lilboards/dataconnect\": could not find dataconnect.yaml in `/media/eddie/Data1/projects/nextJS/development/lilboards/dataconnect`\n"}}
[debug] [2025-03-05T16:24:33.991Z] E0306 00:24:33.990803   60641 load.go:23] Could not load config from "/media/eddie/Data1/projects/nextJS/development/lilboards/dataconnect": could not find dataconnect.yaml in `/media/eddie/Data1/projects/nextJS/development/lilboards/dataconnect`
 {"metadata":{"emulator":{"name":"dataconnect"},"message":"E0306 00:24:33.990803   60641 load.go:23] Could not load config from \"/media/eddie/Data1/projects/nextJS/development/lilboards/dataconnect\": could not find dataconnect.yaml in `/media/eddie/Data1/projects/nextJS/development/lilboards/dataconnect`\n"}}
[debug] [2025-03-05T16:24:43.990Z] E0306 00:24:43.990454   60641 load.go:23] Could not load config from "/media/eddie/Data1/projects/nextJS/development/lilboards/dataconnect": could not find dataconnect.yaml in `/media/eddie/Data1/projects/nextJS/development/lilboards/dataconnect`
 {"metadata":{"emulator":{"name":"dataconnect"},"message":"E0306 00:24:43.990454   60641 load.go:23] Could not load config from \"/media/eddie/Data1/projects/nextJS/development/lilboards/dataconnect\": could not find dataconnect.yaml in `/media/eddie/Data1/projects/nextJS/development/lilboards/dataconnect`\n"}}
[debug] [2025-03-05T16:24:53.984Z] E0306 00:24:53.983811   60641 load.go:23] Could not load config from "/media/eddie/Data1/projects/nextJS/development/lilboards/dataconnect": could not find dataconnect.yaml in `/media/eddie/Data1/projects/nextJS/development/lilboards/dataconnect`
E0306 00:24:53.983969   60641 watch.go:76] watchAllDir unable to walk dir `/media/eddie/Data1/projects/nextJS/development/lilboards/dataconnect`: on path "/media/eddie/Data1/projects/nextJS/development/lilboards/dataconnect" (DirEntry: <nil>): lstat /media/eddie/Data1/projects/nextJS/development/lilboards/dataconnect: no such file or directory
 {"metadata":{"emulator":{"name":"dataconnect"},"message":"E0306 00:24:53.983811   60641 load.go:23] Could not load config from \"/media/eddie/Data1/projects/nextJS/development/lilboards/dataconnect\": could not find dataconnect.yaml in `/media/eddie/Data1/projects/nextJS/development/lilboards/dataconnect`\nE0306 00:24:53.983969   60641 watch.go:76] watchAllDir unable to walk dir `/media/eddie/Data1/projects/nextJS/development/lilboards/dataconnect`: on path \"/media/eddie/Data1/projects/nextJS/development/lilboards/dataconnect\" (DirEntry: <nil>): lstat /media/eddie/Data1/projects/nextJS/development/lilboards/dataconnect: no such file or directory\n"}}
[debug] [2025-03-05T16:25:03.990Z] E0306 00:25:03.990401   60641 load.go:23] Could not load config from "/media/eddie/Data1/projects/nextJS/development/lilboards/dataconnect": could not find dataconnect.yaml in `/media/eddie/Data1/projects/nextJS/development/lilboards/dataconnect`
 {"metadata":{"emulator":{"name":"dataconnect"},"message":"E0306 00:25:03.990401   60641 load.go:23] Could not load config from \"/media/eddie/Data1/projects/nextJS/development/lilboards/dataconnect\": could not find dataconnect.yaml in `/media/eddie/Data1/projects/nextJS/development/lilboards/dataconnect`\n"}}
[debug] [2025-03-05T16:25:13.991Z] E0306 00:25:13.990599   60641 load.go:23] Could not load config from "/media/eddie/Data1/projects/nextJS/development/lilboards/dataconnect": could not find dataconnect.yaml in `/media/eddie/Data1/projects/nextJS/development/lilboards/dataconnect`
 {"metadata":{"emulator":{"name":"dataconnect"},"message":"E0306 00:25:13.990599   60641 load.go:23] Could not load config from \"/media/eddie/Data1/projects/nextJS/development/lilboards/dataconnect\": could not find dataconnect.yaml in `/media/eddie/Data1/projects/nextJS/development/lilboards/dataconnect`\n"}}
[debug] [2025-03-05T16:25:23.983Z] E0306 00:25:23.983632   60641 load.go:23] Could not load config from "/media/eddie/Data1/projects/nextJS/development/lilboards/dataconnect": could not find dataconnect.yaml in `/media/eddie/Data1/projects/nextJS/development/lilboards/dataconnect`
 {"metadata":{"emulator":{"name":"dataconnect"},"message":"E0306 00:25:23.983632   60641 load.go:23] Could not load config from \"/media/eddie/Data1/projects/nextJS/development/lilboards/dataconnect\": could not find dataconnect.yaml in `/media/eddie/Data1/projects/nextJS/development/lilboards/dataconnect`\n"}}
[debug] [2025-03-05T16:25:34.129Z] I0306 00:25:34.128748   60641 load.go:37] Reloading schema and connectors...
 {"metadata":{"emulator":{"name":"dataconnect"},"message":"I0306 00:25:34.128748   60641 load.go:37] Reloading schema and connectors...\n"}}
[debug] [2025-03-05T16:25:34.262Z] I0306 00:25:34.261975   60641 control.go:59] [/emulator/lilboards 789d] UpdateResources(): done
Schema: sources: schema/schema.gql [2088B] 
Connector "default": sources: connector/mutations.gql [1233B] connector/queries.gql [1802B] 
 {"metadata":{"emulator":{"name":"dataconnect"},"message":"I0306 00:25:34.261975   60641 control.go:59] [/emulator/lilboards 789d] UpdateResources(): done\nSchema: sources: schema/schema.gql [2088B] \nConnector \"default\": sources: connector/mutations.gql [1233B] connector/queries.gql [1802B] \n"}}
[debug] [2025-03-05T16:25:34.308Z] I0306 00:25:34.307937   60641 collector.go:107] schema extensions wrote into "/media/eddie/Data1/projects/nextJS/development/lilboards/dataconnect/.dataconnect/schema"
Generated sources: prelude.gql [65582B] 
I0306 00:25:34.308087   60641 load.go:115] Finished reloading
 {"metadata":{"emulator":{"name":"dataconnect"},"message":"I0306 00:25:34.307937   60641 collector.go:107] schema extensions wrote into \"/media/eddie/Data1/projects/nextJS/development/lilboards/dataconnect/.dataconnect/schema\"\nGenerated sources: prelude.gql [65582B] \nI0306 00:25:34.308087   60641 load.go:115] Finished reloading\n"}}
[debug] [2025-03-05T16:26:13.998Z] I0306 00:26:13.993797   60641 load.go:37] Reloading schema and connectors...
 {"metadata":{"emulator":{"name":"dataconnect"},"message":"I0306 00:26:13.993797   60641 load.go:37] Reloading schema and connectors...\n"}}
[debug] [2025-03-05T16:26:14.054Z] I0306 00:26:14.053995   60641 codegen.go:82] [connector "default" javascriptSdk] Generating sources into "/media/eddie/Data1/projects/nextJS/development/lilboards/dataconnect-generated/js/default-connector"
 {"metadata":{"emulator":{"name":"dataconnect"},"message":"I0306 00:26:14.053995   60641 codegen.go:82] [connector \"default\" javascriptSdk] Generating sources into \"/media/eddie/Data1/projects/nextJS/development/lilboards/dataconnect-generated/js/default-connector\"\n"}}
[debug] [2025-03-05T16:26:14.159Z] I0306 00:26:14.158648   60641 collector.go:107] schema extensions wrote into "/media/eddie/Data1/projects/nextJS/development/lilboards/dataconnect/.dataconnect/schema"
Generated sources: prelude.gql [65582B] 
 {"metadata":{"emulator":{"name":"dataconnect"},"message":"I0306 00:26:14.158648   60641 collector.go:107] schema extensions wrote into \"/media/eddie/Data1/projects/nextJS/development/lilboards/dataconnect/.dataconnect/schema\"\nGenerated sources: prelude.gql [65582B] \n"}}
[debug] [2025-03-05T16:26:14.160Z] I0306 00:26:14.160050   60641 collector.go:107] connector "default" javascriptSdk wrote into "/media/eddie/Data1/projects/nextJS/development/lilboards/dataconnect-generated/js/default-connector"
Generated sources: react/index.d.ts [0B] react/package.json [468B] react/esm/package.json [17B] index.d.ts [246B] esm/package.json [17B] index.cjs.js [148B] package.json [895B] README.md [2740B] react/index.cjs.js [0B] esm/index.esm.js [112B] react/esm/index.esm.js [0B] 
 {"metadata":{"emulator":{"name":"dataconnect"},"message":"I0306 00:26:14.160050   60641 collector.go:107] connector \"default\" javascriptSdk wrote into \"/media/eddie/Data1/projects/nextJS/development/lilboards/dataconnect-generated/js/default-connector\"\nGenerated sources: react/index.d.ts [0B] react/package.json [468B] react/esm/package.json [17B] index.d.ts [246B] esm/package.json [17B] index.cjs.js [148B] package.json [895B] README.md [2740B] react/index.cjs.js [0B] esm/index.esm.js [112B] react/esm/index.esm.js [0B] \n"}}
[debug] [2025-03-05T16:26:14.168Z] I0306 00:26:14.167847   60641 installsdk.go:76] Running command: /home/eddie/.nvm/versions/node/v20.18.3/bin/npm install file:dataconnect-generated/js/default-connector
 {"metadata":{"emulator":{"name":"dataconnect"},"message":"I0306 00:26:14.167847   60641 installsdk.go:76] Running command: /home/eddie/.nvm/versions/node/v20.18.3/bin/npm install file:dataconnect-generated/js/default-connector\n"}}
[debug] [2025-03-05T16:26:31.159Z] I0306 00:26:31.158499   60641 load.go:115] Finished reloading
 {"metadata":{"emulator":{"name":"dataconnect"},"message":"I0306 00:26:31.158499   60641 load.go:115] Finished reloading\n"}}
[debug] [2025-03-05T16:47:51.482Z] [Firebase Plugin] Received emulators started notification. Running detection.
[debug] [2025-03-05T16:47:51.612Z] >>> [apiv2][query] GET http://127.0.0.1:4400/emulators [none]
[debug] [2025-03-05T16:47:52.190Z] <<< [apiv2][status] GET http://127.0.0.1:4400/emulators 200
[debug] [2025-03-05T16:47:52.190Z] <<< [apiv2][body] GET http://127.0.0.1:4400/emulators {"hub":{"listen":[{"address":"127.0.0.1","family":"IPv4","port":4400},{"address":"::1","family":"IPv6","port":4400}],"name":"hub","host":"127.0.0.1","port":4400},"ui":{"listen":[{"address":"127.0.0.1","family":"IPv4","port":4000},{"address":"::1","family":"IPv6","port":4000}],"name":"ui","host":"127.0.0.1","port":4000},"logging":{"listen":[{"address":"127.0.0.1","family":"IPv4","port":4500}],"name":"logging","host":"127.0.0.1","port":4500},"auth":{"listen":[{"address":"127.0.0.1","family":"IPv4","port":9099}],"name":"auth","host":"127.0.0.1","port":9099},"database":{"listen":[{"address":"127.0.0.1","family":"IPv4","port":9000}],"name":"database","host":"127.0.0.1","port":9000,"pid":65967}}
[debug] [2025-03-05T17:14:35.837Z] [Firebase Plugin] Received emulators shutdown notification.
[info] [Firebase Plugin] Stopping Data Connect toolkit
[warn] ⚠  Data Connect Emulator has exited upon receiving signal: SIGINT 
[debug] [2025-03-05T17:18:46.065Z] [Firebase Plugin] Activating Firebase extension.
[info] [Firebase Plugin] Checked firebase-tools, is up to date!
[debug] [2025-03-05T17:19:27.268Z] [Firebase Plugin] VSCode notification server listening on port 40001
[info] [Firebase Plugin] Starting Data Connect toolkit (version 1.8.3) on port 50001
[debug] [2025-03-05T17:19:41.017Z] I0306 01:19:40.815734   70770 control.go:59] [/emulator/lilboards 5e69] UpdateResources(): done
Schema: sources: schema/schema.gql [2088B] 
Connector "default": sources: connector/mutations.gql [1233B] connector/queries.gql [1802B] 
 {"metadata":{"emulator":{"name":"dataconnect"},"message":"I0306 01:19:40.815734   70770 control.go:59] [/emulator/lilboards 5e69] UpdateResources(): done\nSchema: sources: schema/schema.gql [2088B] \nConnector \"default\": sources: connector/mutations.gql [1233B] connector/queries.gql [1802B] \n"}}
[debug] [2025-03-05T17:19:41.019Z] Ignoring unsupported arg: auto_download {"metadata":{"emulator":{"name":"dataconnect"},"message":"Ignoring unsupported arg: auto_download"}}
[debug] [2025-03-05T17:19:41.020Z] Ignoring unsupported arg: port {"metadata":{"emulator":{"name":"dataconnect"},"message":"Ignoring unsupported arg: port"}}
[debug] [2025-03-05T17:19:41.021Z] Starting Data Connect Emulator with command {"binary":"/home/eddie/.cache/firebase/emulators/dataconnect-emulator-1.8.3","args":["--logtostderr","-v=2","dev","--listen=localhost:50001","--config_dir=/media/eddie/Data1/projects/nextJS/development/lilboards/dataconnect","--enable_output_schema_extensions=true","--enable_output_generated_sdk=true"],"optionalArgs":["listen","config_dir","enable_output_schema_extensions","enable_output_generated_sdk"],"joinArgs":true,"shell":false,"port":9399} {"metadata":{"emulator":{"name":"dataconnect"},"message":"Starting Data Connect Emulator with command {\"binary\":\"/home/eddie/.cache/firebase/emulators/dataconnect-emulator-1.8.3\",\"args\":[\"--logtostderr\",\"-v=2\",\"dev\",\"--listen=localhost:50001\",\"--config_dir=/media/eddie/Data1/projects/nextJS/development/lilboards/dataconnect\",\"--enable_output_schema_extensions=true\",\"--enable_output_generated_sdk=true\"],\"optionalArgs\":[\"listen\",\"config_dir\",\"enable_output_schema_extensions\",\"enable_output_generated_sdk\"],\"joinArgs\":true,\"shell\":false,\"port\":9399}"}}
[info] i  dataconnect: Data Connect Emulator logging to dataconnect-debug.log {"metadata":{"emulator":{"name":"dataconnect"},"message":"Data Connect Emulator logging to dataconnect-debug.log"}}
[debug] [2025-03-05T17:19:41.954Z] I0306 01:19:41.091590   70787 load.go:37] Reloading schema and connectors...
I0306 01:19:41.149090   70787 control.go:59] [/emulator/lilboards f7cc] UpdateResources(): done
Schema: sources: schema/schema.gql [2088B] 
Connector "default": sources: connector/mutations.gql [1233B] connector/queries.gql [1802B] 
I0306 01:19:41.182650   70787 codegen.go:82] [connector "default" javascriptSdk] Generating sources into "/media/eddie/Data1/projects/nextJS/development/lilboards/dataconnect-generated/js/default-connector"
I0306 01:19:41.250738   70787 collector.go:107] schema extensions wrote into "/media/eddie/Data1/projects/nextJS/development/lilboards/dataconnect/.dataconnect/schema"
Generated sources: prelude.gql [65582B] 
I0306 01:19:41.256259   70787 collector.go:107] connector "default" javascriptSdk wrote into "/media/eddie/Data1/projects/nextJS/development/lilboards/dataconnect-generated/js/default-connector"
Generated sources: esm/package.json [17B] index.cjs.js [148B] README.md [2740B] react/esm/package.json [17B] react/index.cjs.js [0B] index.d.ts [246B] esm/index.esm.js [112B] package.json [895B] react/index.d.ts [0B] react/package.json [468B] react/esm/index.esm.js [0B] 
I0306 01:19:41.285195   70787 installsdk.go:48] Package @firebasegen/default-connector is already installed. Skipping installation
I0306 01:19:41.285372   70787 load.go:115] Finished reloading
I0306 01:19:41.390739   70787 dev.go:95] Listening on address (HTTP + gRPC): 127.0.0.1:50001
 {"metadata":{"emulator":{"name":"dataconnect"},"message":"I0306 01:19:41.091590   70787 load.go:37] Reloading schema and connectors...\nI0306 01:19:41.149090   70787 control.go:59] [/emulator/lilboards f7cc] UpdateResources(): done\nSchema: sources: schema/schema.gql [2088B] \nConnector \"default\": sources: connector/mutations.gql [1233B] connector/queries.gql [1802B] \nI0306 01:19:41.182650   70787 codegen.go:82] [connector \"default\" javascriptSdk] Generating sources into \"/media/eddie/Data1/projects/nextJS/development/lilboards/dataconnect-generated/js/default-connector\"\nI0306 01:19:41.250738   70787 collector.go:107] schema extensions wrote into \"/media/eddie/Data1/projects/nextJS/development/lilboards/dataconnect/.dataconnect/schema\"\nGenerated sources: prelude.gql [65582B] \nI0306 01:19:41.256259   70787 collector.go:107] connector \"default\" javascriptSdk wrote into \"/media/eddie/Data1/projects/nextJS/development/lilboards/dataconnect-generated/js/default-connector\"\nGenerated sources: esm/package.json [17B] index.cjs.js [148B] README.md [2740B] react/esm/package.json [17B] react/index.cjs.js [0B] index.d.ts [246B] esm/index.esm.js [112B] package.json [895B] react/index.d.ts [0B] react/package.json [468B] react/esm/index.esm.js [0B] \nI0306 01:19:41.285195   70787 installsdk.go:48] Package @firebasegen/default-connector is already installed. Skipping installation\nI0306 01:19:41.285372   70787 load.go:115] Finished reloading\nI0306 01:19:41.390739   70787 dev.go:95] Listening on address (HTTP + gRPC): 127.0.0.1:50001\n"}}
[debug] [2025-03-05T17:19:44.230Z] I0306 01:19:44.225697   70787 engine.go:148] [/emulator/lilboards f7cc] ExecuteGraphqlRead IntrospectionQuery: succeeded. 
 {"metadata":{"emulator":{"name":"dataconnect"},"message":"I0306 01:19:44.225697   70787 engine.go:148] [/emulator/lilboards f7cc] ExecuteGraphqlRead IntrospectionQuery: succeeded. \n"}}
[debug] [2025-03-05T17:29:42.647Z] [Firebase Plugin] Received emulators started notification. Running detection.
[debug] [2025-03-05T17:29:42.653Z] >>> [apiv2][query] GET http://127.0.0.1:4400/emulators [none]
[debug] [2025-03-05T17:29:42.906Z] <<< [apiv2][status] GET http://127.0.0.1:4400/emulators 200
[debug] [2025-03-05T17:29:42.931Z] <<< [apiv2][body] GET http://127.0.0.1:4400/emulators {"hub":{"listen":[{"address":"127.0.0.1","family":"IPv4","port":4400},{"address":"::1","family":"IPv6","port":4400}],"name":"hub","host":"127.0.0.1","port":4400},"ui":{"listen":[{"address":"127.0.0.1","family":"IPv4","port":4000},{"address":"::1","family":"IPv6","port":4000}],"name":"ui","host":"127.0.0.1","port":4000},"logging":{"listen":[{"address":"127.0.0.1","family":"IPv4","port":4500}],"name":"logging","host":"127.0.0.1","port":4500},"auth":{"listen":[{"address":"127.0.0.1","family":"IPv4","port":9099}],"name":"auth","host":"127.0.0.1","port":9099},"database":{"listen":[{"address":"127.0.0.1","family":"IPv4","port":9000}],"name":"database","host":"127.0.0.1","port":9000,"pid":73698}}
[debug] [2025-03-05T17:48:00.765Z] [Firebase Plugin] Value of process.env.MONOSPACE_ENV: undefined
[debug] [2025-03-05T17:48:00.766Z] [Firebase Plugin] requireAuthWrapper
[debug] [2025-03-05T17:48:00.768Z] > command requires scopes: ["email","openid","https://www.googleapis.com/auth/cloudplatformprojects.readonly","https://www.googleapis.com/auth/firebase","https://www.googleapis.com/auth/cloud-platform"]
[debug] [2025-03-05T17:48:00.769Z] > authorizing via signed-in user (evillan0315@gmail.com)
[debug] [2025-03-05T17:48:00.770Z] Checked if tokens are valid: true, expires at: 1741199362868
[debug] [2025-03-05T17:48:00.771Z] Checked if tokens are valid: true, expires at: 1741199362868
[debug] [2025-03-05T17:48:00.771Z] [Firebase Plugin] User found:  evillan0315@gmail.com
[info] [Firebase Plugin] (Core:Project) New user detected, fetching projects
[debug] [2025-03-05T17:48:00.773Z] Checked if tokens are valid: true, expires at: 1741199362868
[debug] [2025-03-05T17:48:00.774Z] >>> [apiv2][query] GET https://firebase.googleapis.com/v1beta1/projects pageSize=1000
[debug] [2025-03-05T17:48:00.781Z] [Firebase Plugin] Value of process.env.MONOSPACE_ENV: undefined
[debug] [2025-03-05T17:48:00.782Z] [Firebase Plugin] requireAuthWrapper
[debug] [2025-03-05T17:48:00.782Z] > command requires scopes: ["email","openid","https://www.googleapis.com/auth/cloudplatformprojects.readonly","https://www.googleapis.com/auth/firebase","https://www.googleapis.com/auth/cloud-platform"]
[debug] [2025-03-05T17:48:00.783Z] > authorizing via signed-in user (evillan0315@gmail.com)
[debug] [2025-03-05T17:48:00.784Z] Checked if tokens are valid: true, expires at: 1741199362868
[debug] [2025-03-05T17:48:00.784Z] [Firebase Plugin] User found:  evillan0315@gmail.com
[info] [Firebase Plugin] (Core:Project) New user detected, fetching projects
[debug] [2025-03-05T17:48:00.785Z] Checked if tokens are valid: true, expires at: 1741199362868
[debug] [2025-03-05T17:48:00.786Z] >>> [apiv2][query] GET https://firebase.googleapis.com/v1beta1/projects pageSize=1000
[debug] [2025-03-05T17:48:00.823Z] >>> [apiv2][query] GET http://127.0.0.1:4400/emulators [none]
[debug] [2025-03-05T17:48:00.859Z] <<< [apiv2][status] GET http://127.0.0.1:4400/emulators 200
[debug] [2025-03-05T17:48:00.859Z] <<< [apiv2][body] GET http://127.0.0.1:4400/emulators {"hub":{"listen":[{"address":"127.0.0.1","family":"IPv4","port":4400},{"address":"::1","family":"IPv6","port":4400}],"name":"hub","host":"127.0.0.1","port":4400},"ui":{"listen":[{"address":"127.0.0.1","family":"IPv4","port":4000},{"address":"::1","family":"IPv6","port":4000}],"name":"ui","host":"127.0.0.1","port":4000},"logging":{"listen":[{"address":"127.0.0.1","family":"IPv4","port":4500}],"name":"logging","host":"127.0.0.1","port":4500},"auth":{"listen":[{"address":"127.0.0.1","family":"IPv4","port":9099}],"name":"auth","host":"127.0.0.1","port":9099},"database":{"listen":[{"address":"127.0.0.1","family":"IPv4","port":9000}],"name":"database","host":"127.0.0.1","port":9000,"pid":73698}}
[debug] [2025-03-05T17:48:01.492Z] <<< [apiv2][status] GET https://firebase.googleapis.com/v1beta1/projects 200
[debug] [2025-03-05T17:48:01.493Z] <<< [apiv2][body] GET https://firebase.googleapis.com/v1beta1/projects [omitted]
[debug] [2025-03-05T17:48:01.967Z] <<< [apiv2][status] GET https://firebase.googleapis.com/v1beta1/projects 200
[debug] [2025-03-05T17:48:01.970Z] <<< [apiv2][body] GET https://firebase.googleapis.com/v1beta1/projects [omitted]
